<?xml version="1.0" encoding="UTF-8"?>
<testsuite name="SlowestKeyPressKtTest" tests="4" skipped="0" failures="0" errors="0" timestamp="2022-07-22T15:04:54" hostname="ayda-ThinkPad-E14-Gen-2" time="0.023">
  <properties/>
  <testcase name="should return d with 2 pairs of numbers()" classname="SlowestKeyPressKtTest" time="0.019"/>
  <testcase name="should return b with 1 pair of numbers()" classname="SlowestKeyPressKtTest" time="0.002"/>
  <testcase name="should return a with 3 pairs of numbers()" classname="SlowestKeyPressKtTest" time="0.001"/>
  <testcase name="should return e with 5 pairs of numbers()" classname="SlowestKeyPressKtTest" time="0.001"/>
  <system-out><![CDATA[]]></system-out>
  <system-err><![CDATA[]]></system-err>
</testsuite>
